<?xml version="1.0" encoding="UTF-8"?>
<!-- Generated by org.testng.reporters.JUnitReportReporter -->
<testsuite hostname="LAPTOP-HK4BPRAS" failures="0" tests="2" name="API_Automation.App1Test" time="0.009" errors="0" timestamp="23 May 2021 04:44:42 GMT" skipped="0">
  <testcase classname="API_Automation.App1Test" name="AppLoginFailure" time="0.001"/>
  <testcase classname="API_Automation.App1Test" name="AppLogin" time="0.008"/>
</testsuite> <!-- API_Automation.App1Test -->
