<?xml version="1.0" encoding="UTF-8"?>
<!-- Generated by org.testng.reporters.JUnitReportReporter -->
<testsuite hostname="LAPTOP-HK4BPRAS" failures="0" tests="2" name="API_Automation.BookMyFlightTest" time="0.002" errors="0" timestamp="23 May 2021 04:44:42 GMT" skipped="0">
  <testcase classname="API_Automation.BookMyFlightTest" name="BookMyFlight" time="0.001"/>
  <testcase classname="API_Automation.BookMyFlightTest" name="makePayment" time="0.001"/>
</testsuite> <!-- API_Automation.BookMyFlightTest -->
