<?xml version="1.0" encoding="UTF-8"?>
<!-- Generated by org.testng.reporters.JUnitReportReporter -->
<testsuite hostname="LAPTOP-HK4BPRAS" failures="0" tests="1" name="extentReportSession.TestingExtentReport" time="0.319" errors="0" timestamp="23 May 2021 05:13:14 GMT" skipped="0">
  <testcase classname="extentReportSession.TestingExtentReport" name="test" time="0.319"/>
</testsuite> <!-- extentReportSession.TestingExtentReport -->
